"FreeRTOS Task Aware Debugger for GDB" version 1.0.2 (201704101406)
(c) 2016 NXP Semiconductors, Inc.
==================================
20:42:59.727 INFO: [TadModel] DSF session ID 37 has started.
20:43:02.700 INFO: [TadState] TAD state changed:  DEBUG_STARTED -> DEBUG_INIT_0 (SUSPENDED, USER_REQUEST)
20:43:03.366 INFO: [TadState] TAD state changed:  DEBUG_INIT_0 -> DEBUG_INIT_1 (RESUMED, USER_REQUEST)
20:43:03.439 INFO: [TadState] TAD state changed:  DEBUG_INIT_1 -> DEBUG_SUSPENDED (SUSPENDED, BREAKPOINT)
20:43:06.663 INFO: [TadState] TAD state changed:  DEBUG_SUSPENDED -> DEBUG_RESUMED (RESUMED, USER_REQUEST)
20:43:19.537 INFO: [TadState] TAD state changed:  DEBUG_RESUMED -> READY (SUSPENDED, BREAKPOINT)
20:43:42.597 INFO: [TadState] TAD state changed:  READY -> DEBUG_RESUMED (RESUMED, USER_REQUEST)
20:43:47.458 INFO: [TadState] TAD state changed:  DEBUG_RESUMED -> READY (SUSPENDED, BREAKPOINT)
20:43:54.285 INFO: [TadState] TAD state changed:  READY -> DEBUG_RESUMED (RESUMED, USER_REQUEST)
20:44:06.675 INFO: [TadState] TAD state changed:  DEBUG_RESUMED -> READY (SUSPENDED, SIGNAL)
20:44:35.154 INFO: [TadState] TAD state changed:  READY -> DEBUG_RESUMED (RESUMED, USER_REQUEST)
20:45:08.16 INFO: [TadState] TAD state changed:  DEBUG_RESUMED -> READY (SUSPENDED, SIGNAL)
20:45:17.142 INFO: [Benchmark] Loading data for "Task List" has started.
20:45:18.653 INFO: [FreeRTOS] FreeRTOS macro "configGENERATE_RUN_TIME_STATS" is disabled.
20:45:19.752 INFO: [FreeRTOS] FreeRTOS macro "configRECORD_STACK_HIGH_ADDRESS" is disabled.
20:45:20.444 ERROR: [MemoryReader] Could not get memory block! Invalid address "0x200119fc" and/or "0xffffffffffffe440" length of a block!
20:45:21.445 INFO: [FreeRTOS] FreeRTOS macro "configUSE_TRACE_FACILITY" is disabled.
20:45:22.446 ERROR: [TaskFactory] Cannot read information from "pxReadyTasksLists[2]".
20:45:23.447 ERROR: [TaskFactory] Cannot read information from "pxReadyTasksLists[3]".
20:45:24.448 ERROR: [TaskFactory] Cannot read information from "pxReadyTasksLists[4]".
20:45:25.449 ERROR: [TaskFactory] Cannot read information from "xDelayedTaskList1".
20:45:26.450 ERROR: [TaskFactory] Cannot read information from "xDelayedTaskList2".
20:45:27.451 ERROR: [TaskFactory] Cannot read information from "xPendingReadyList".
20:45:28.452 ERROR: [TaskFactory] Cannot read information from "xSuspendedTaskList".
20:45:28.452 ERROR: [TaskFactory] Could not read pxEndOfStack variable needed for determining correct stack size! 
	Please enable "configRECORD_STACK_HIGH_ADDRESS" macro in FreeRTOSConfig.h.
20:45:28.453 INFO: [Benchmark] Loading data for "Task List" took 11311 ms.
20:54:31.303 INFO: [TadModel] DSF session ID 37 has ended.
