09:59:36 **** Incremental Build of configuration Debug for project 0502_demo_apps_lwip_lwip_udpecho_freertos ****
make -r -j8 all 
Building target: 0502_demo_apps_lwip_lwip_udpecho_freertos.axf
Invoking: MCU Linker
arm-none-eabi-gcc -nostdlib -Xlinker -print-memory-usage -Xlinker --gc-sections -Xlinker -Map="0502_demo_apps_lwip_lwip_udpecho_freertos.map" -mcpu=cortex-m4 -mfpu=fpv4-sp-d16 -mfloat-abi=hard -mthumb -T 0502_demo_apps_lwip_lwip_udpecho_freertos_Debug.ld -o "0502_demo_apps_lwip_lwip_udpecho_freertos.axf"  ./utilities/fsl_assert.o ./utilities/fsl_debug_console.o ./utilities/fsl_io.o ./utilities/fsl_log.o ./utilities/fsl_str.o  ./startup/startup_mk64f12.o  ./source/lwip_udpecho_freertos.o ./source/semihost_hardfault.o  ./lwip/src/netif/ppp/auth.o ./lwip/src/netif/ppp/ccp.o ./lwip/src/netif/ppp/chap-md5.o ./lwip/src/netif/ppp/chap-new.o ./lwip/src/netif/ppp/chap_ms.o ./lwip/src/netif/ppp/demand.o ./lwip/src/netif/ppp/eap.o ./lwip/src/netif/ppp/eui64.o ./lwip/src/netif/ppp/fsm.o ./lwip/src/netif/ppp/ipcp.o ./lwip/src/netif/ppp/ipv6cp.o ./lwip/src/netif/ppp/lcp.o ./lwip/src/netif/ppp/lwip_ecp.o ./lwip/src/netif/ppp/magic.o ./lwip/src/netif/ppp/mppe.o ./lwip/src/netif/ppp/multilink.o ./lwip/src/netif/ppp/ppp.o ./lwip/src/netif/ppp/pppapi.o ./lwip/src/netif/ppp/pppcrypt.o ./lwip/src/netif/ppp/pppoe.o ./lwip/src/netif/ppp/pppol2tp.o ./lwip/src/netif/ppp/pppos.o ./lwip/src/netif/ppp/upap.o ./lwip/src/netif/ppp/utils.o ./lwip/src/netif/ppp/vj.o  ./lwip/src/netif/ethernet.o ./lwip/src/netif/lowpan6.o ./lwip/src/netif/slipif.o  ./lwip/src/core/ipv6/dhcp6.o ./lwip/src/core/ipv6/ethip6.o ./lwip/src/core/ipv6/icmp6.o ./lwip/src/core/ipv6/inet6.o ./lwip/src/core/ipv6/ip6.o ./lwip/src/core/ipv6/ip6_addr.o ./lwip/src/core/ipv6/ip6_frag.o ./lwip/src/core/ipv6/mld6.o ./lwip/src/core/ipv6/nd6.o  ./lwip/src/core/ipv4/autoip.o ./lwip/src/core/ipv4/dhcp.o ./lwip/src/core/ipv4/etharp.o ./lwip/src/core/ipv4/icmp.o ./lwip/src/core/ipv4/igmp.o ./lwip/src/core/ipv4/ip4.o ./lwip/src/core/ipv4/ip4_addr.o ./lwip/src/core/ipv4/ip4_frag.o  ./lwip/src/core/def.o ./lwip/src/core/dns.o ./lwip/src/core/inet_chksum.o ./lwip/src/core/init.o ./lwip/src/core/ip.o ./lwip/src/core/mem.o ./lwip/src/core/memp.o ./lwip/src/core/netif.o ./lwip/src/core/pbuf.o ./lwip/src/core/raw.o ./lwip/src/core/stats.o ./lwip/src/core/sys.o ./lwip/src/core/tcp.o ./lwip/src/core/tcp_in.o ./lwip/src/core/tcp_out.o ./lwip/src/core/timeouts.o ./lwip/src/core/udp.o  ./lwip/src/api/api_lib.o ./lwip/src/api/api_msg.o ./lwip/src/api/err.o ./lwip/src/api/netbuf.o ./lwip/src/api/netdb.o ./lwip/src/api/netifapi.o ./lwip/src/api/sockets.o ./lwip/src/api/tcpip.o  ./lwip/port/ethernetif.o ./lwip/port/sys_arch.o  ./lwip/contrib/apps/udpecho/udpecho.o  ./freertos/source/croutine.o ./freertos/source/event_groups.o ./freertos/source/list.o ./freertos/source/queue.o ./freertos/source/tasks.o ./freertos/source/timers.o  ./freertos/portable/fsl_tickless_systick.o ./freertos/portable/heap_3.o ./freertos/portable/port.o  ./drivers/fsl_clock.o ./drivers/fsl_common.o ./drivers/fsl_dac.o ./drivers/fsl_enet.o ./drivers/fsl_flash.o ./drivers/fsl_gpio.o ./drivers/fsl_pit.o ./drivers/fsl_sim.o ./drivers/fsl_smc.o ./drivers/fsl_uart.o  ./board/board.o ./board/clock_config.o ./board/fsl_phy.o ./board/pin_mux.o  ./CMSIS/system_MK64F12.o   
Memory region         Used Size  Region Size  %age Used
   PROGRAM_FLASH:       93900 B         1 MB      8.96%
      SRAM_UPPER:       82544 B       192 KB     41.98%
      SRAM_LOWER:          0 GB        64 KB      0.00%
        FLEX_RAM:          0 GB         4 KB      0.00%
Finished building target: 0502_demo_apps_lwip_lwip_udpecho_freertos.axf
 
make --no-print-directory post-build
Performing post-build steps
arm-none-eabi-size "0502_demo_apps_lwip_lwip_udpecho_freertos.axf"; # arm-none-eabi-objcopy -v -O binary "0502_demo_apps_lwip_lwip_udpecho_freertos.axf" "0502_demo_apps_lwip_lwip_udpecho_freertos.bin" ; # checksum -p MK64FN1M0xxx12 -d "0502_demo_apps_lwip_lwip_udpecho_freertos.bin";
   text	   data	    bss	    dec	    hex	filename
  93864	     36	  82496	 176396	  2b10c	0502_demo_apps_lwip_lwip_udpecho_freertos.axf
 
09:59:54 **** Incremental Build of configuration Debug for project 0502_demo_apps_lwip_lwip_udpecho_freertos ****
make -r -j8 all 
make: Nothing to be done for `all'.
09:59:57 **** Incremental Build of configuration Debug for project 0502_demo_apps_lwip_lwip_udpecho_freertos ****
make -r -j8 all 
make: Nothing to be done for `all'.
10:07:44 **** Incremental Build of configuration Debug for project 0502_demo_apps_lwip_lwip_udpecho_freertos ****
make -r -j8 all 
Building file: ../lwip/contrib/apps/udpecho/udpecho.c
Invoking: MCU C Compiler
arm-none-eabi-gcc -std=gnu99 -D__REDLIB__ -DPRINTF_FLOAT_ENABLE=0 -DFRDM_K64F -DUSE_RTOS=1 -DFSL_RTOS_FREE_RTOS -DCR_INTEGER_PRINTF -DFREEDOM -DPRINTF_ADVANCED_ENABLE=1 -DSDK_DEBUGCONSOLE=0 -D__MCUXPRESSO -D__USE_CMSIS -DDEBUG -DSDK_OS_FREE_RTOS -DCPU_MK64FN1M0VLL12 -DCPU_MK64FN1M0VLL12_cm4 -I"C:\p2\0502_demo_apps_lwip_lwip_udpecho_freertos\board" -I"C:\p2\0502_demo_apps_lwip_lwip_udpecho_freertos\source" -I"C:\p2\0502_demo_apps_lwip_lwip_udpecho_freertos" -I"C:\p2\0502_demo_apps_lwip_lwip_udpecho_freertos\drivers" -I"C:\p2\0502_demo_apps_lwip_lwip_udpecho_freertos\CMSIS" -I"C:\p2\0502_demo_apps_lwip_lwip_udpecho_freertos\utilities" -I"C:\p2\0502_demo_apps_lwip_lwip_udpecho_freertos\startup" -I"C:\p2\0502_demo_apps_lwip_lwip_udpecho_freertos\lwip\contrib\apps\udpecho" -I"C:\p2\0502_demo_apps_lwip_lwip_udpecho_freertos\lwip\port\arch" -I"C:\p2\0502_demo_apps_lwip_lwip_udpecho_freertos\lwip\port" -I"C:\p2\0502_demo_apps_lwip_lwip_udpecho_freertos\lwip\src\include\lwip\priv" -I"C:\p2\0502_demo_apps_lwip_lwip_udpecho_freertos\lwip\src\include\lwip\prot" -I"C:\p2\0502_demo_apps_lwip_lwip_udpecho_freertos\lwip\src\include\lwip" -I"C:\p2\0502_demo_apps_lwip_lwip_udpecho_freertos\lwip\src\include\netif\ppp\polarssl" -I"C:\p2\0502_demo_apps_lwip_lwip_udpecho_freertos\lwip\src\include\netif\ppp" -I"C:\p2\0502_demo_apps_lwip_lwip_udpecho_freertos\lwip\src\include\netif" -I"C:\p2\0502_demo_apps_lwip_lwip_udpecho_freertos\lwip\src\include\posix\sys" -I"C:\p2\0502_demo_apps_lwip_lwip_udpecho_freertos\lwip\src\include\posix" -I"C:\p2\0502_demo_apps_lwip_lwip_udpecho_freertos\freertos\include" -I"C:\p2\0502_demo_apps_lwip_lwip_udpecho_freertos\freertos\portable" -I"C:\p2\0502_demo_apps_lwip_lwip_udpecho_freertos\lwip\src" -I"C:\p2\0502_demo_apps_lwip_lwip_udpecho_freertos\lwip\src\include" -I"C:\p2\0502_demo_apps_lwip_lwip_udpecho_freertos\lwip\contrib\apps" -O0 -fno-common -g -Wall -c  -ffunction-sections  -fdata-sections  -ffreestanding  -fno-builtin -mcpu=cortex-m4 -mfpu=fpv4-sp-d16 -mfloat-abi=hard -mthumb -D__REDLIB__ -specs=redlib.specs -MMD -MP -MF"lwip/contrib/apps/udpecho/udpecho.d" -MT"lwip/contrib/apps/udpecho/udpecho.o" -MT"lwip/contrib/apps/udpecho/udpecho.d" -o "lwip/contrib/apps/udpecho/udpecho.o" "../lwip/contrib/apps/udpecho/udpecho.c"
../lwip/contrib/apps/udpecho/udpecho.c: In function 'server_thread':
../lwip/contrib/apps/udpecho/udpecho.c:38:10: warning: unused variable 'dacBuffer' [-Wunused-variable]
  uint8_t dacBuffer[60];
          ^~~~~~~~~
Finished building: ../lwip/contrib/apps/udpecho/udpecho.c
 
Building target: 0502_demo_apps_lwip_lwip_udpecho_freertos.axf
Invoking: MCU Linker
arm-none-eabi-gcc -nostdlib -Xlinker -print-memory-usage -Xlinker --gc-sections -Xlinker -Map="0502_demo_apps_lwip_lwip_udpecho_freertos.map" -mcpu=cortex-m4 -mfpu=fpv4-sp-d16 -mfloat-abi=hard -mthumb -T 0502_demo_apps_lwip_lwip_udpecho_freertos_Debug.ld -o "0502_demo_apps_lwip_lwip_udpecho_freertos.axf"  ./utilities/fsl_assert.o ./utilities/fsl_debug_console.o ./utilities/fsl_io.o ./utilities/fsl_log.o ./utilities/fsl_str.o  ./startup/startup_mk64f12.o  ./source/lwip_udpecho_freertos.o ./source/semihost_hardfault.o  ./lwip/src/netif/ppp/auth.o ./lwip/src/netif/ppp/ccp.o ./lwip/src/netif/ppp/chap-md5.o ./lwip/src/netif/ppp/chap-new.o ./lwip/src/netif/ppp/chap_ms.o ./lwip/src/netif/ppp/demand.o ./lwip/src/netif/ppp/eap.o ./lwip/src/netif/ppp/eui64.o ./lwip/src/netif/ppp/fsm.o ./lwip/src/netif/ppp/ipcp.o ./lwip/src/netif/ppp/ipv6cp.o ./lwip/src/netif/ppp/lcp.o ./lwip/src/netif/ppp/lwip_ecp.o ./lwip/src/netif/ppp/magic.o ./lwip/src/netif/ppp/mppe.o ./lwip/src/netif/ppp/multilink.o ./lwip/src/netif/ppp/ppp.o ./lwip/src/netif/ppp/pppapi.o ./lwip/src/netif/ppp/pppcrypt.o ./lwip/src/netif/ppp/pppoe.o ./lwip/src/netif/ppp/pppol2tp.o ./lwip/src/netif/ppp/pppos.o ./lwip/src/netif/ppp/upap.o ./lwip/src/netif/ppp/utils.o ./lwip/src/netif/ppp/vj.o  ./lwip/src/netif/ethernet.o ./lwip/src/netif/lowpan6.o ./lwip/src/netif/slipif.o  ./lwip/src/core/ipv6/dhcp6.o ./lwip/src/core/ipv6/ethip6.o ./lwip/src/core/ipv6/icmp6.o ./lwip/src/core/ipv6/inet6.o ./lwip/src/core/ipv6/ip6.o ./lwip/src/core/ipv6/ip6_addr.o ./lwip/src/core/ipv6/ip6_frag.o ./lwip/src/core/ipv6/mld6.o ./lwip/src/core/ipv6/nd6.o  ./lwip/src/core/ipv4/autoip.o ./lwip/src/core/ipv4/dhcp.o ./lwip/src/core/ipv4/etharp.o ./lwip/src/core/ipv4/icmp.o ./lwip/src/core/ipv4/igmp.o ./lwip/src/core/ipv4/ip4.o ./lwip/src/core/ipv4/ip4_addr.o ./lwip/src/core/ipv4/ip4_frag.o  ./lwip/src/core/def.o ./lwip/src/core/dns.o ./lwip/src/core/inet_chksum.o ./lwip/src/core/init.o ./lwip/src/core/ip.o ./lwip/src/core/mem.o ./lwip/src/core/memp.o ./lwip/src/core/netif.o ./lwip/src/core/pbuf.o ./lwip/src/core/raw.o ./lwip/src/core/stats.o ./lwip/src/core/sys.o ./lwip/src/core/tcp.o ./lwip/src/core/tcp_in.o ./lwip/src/core/tcp_out.o ./lwip/src/core/timeouts.o ./lwip/src/core/udp.o  ./lwip/src/api/api_lib.o ./lwip/src/api/api_msg.o ./lwip/src/api/err.o ./lwip/src/api/netbuf.o ./lwip/src/api/netdb.o ./lwip/src/api/netifapi.o ./lwip/src/api/sockets.o ./lwip/src/api/tcpip.o  ./lwip/port/ethernetif.o ./lwip/port/sys_arch.o  ./lwip/contrib/apps/udpecho/udpecho.o  ./freertos/source/croutine.o ./freertos/source/event_groups.o ./freertos/source/list.o ./freertos/source/queue.o ./freertos/source/tasks.o ./freertos/source/timers.o  ./freertos/portable/fsl_tickless_systick.o ./freertos/portable/heap_3.o ./freertos/portable/port.o  ./drivers/fsl_clock.o ./drivers/fsl_common.o ./drivers/fsl_dac.o ./drivers/fsl_enet.o ./drivers/fsl_flash.o ./drivers/fsl_gpio.o ./drivers/fsl_pit.o ./drivers/fsl_sim.o ./drivers/fsl_smc.o ./drivers/fsl_uart.o  ./board/board.o ./board/clock_config.o ./board/fsl_phy.o ./board/pin_mux.o  ./CMSIS/system_MK64F12.o   
Memory region         Used Size  Region Size  %age Used
   PROGRAM_FLASH:       93828 B         1 MB      8.95%
      SRAM_UPPER:       82544 B       192 KB     41.98%
      SRAM_LOWER:          0 GB        64 KB      0.00%
        FLEX_RAM:          0 GB         4 KB      0.00%
Finished building target: 0502_demo_apps_lwip_lwip_udpecho_freertos.axf
 
make --no-print-directory post-build
Performing post-build steps
arm-none-eabi-size "0502_demo_apps_lwip_lwip_udpecho_freertos.axf"; # arm-none-eabi-objcopy -v -O binary "0502_demo_apps_lwip_lwip_udpecho_freertos.axf" "0502_demo_apps_lwip_lwip_udpecho_freertos.bin" ; # checksum -p MK64FN1M0xxx12 -d "0502_demo_apps_lwip_lwip_udpecho_freertos.bin";
   text	   data	    bss	    dec	    hex	filename
  93792	     36	  82496	 176324	  2b0c4	0502_demo_apps_lwip_lwip_udpecho_freertos.axf
 
10:07:48 **** Incremental Build of configuration Debug for project 0502_demo_apps_lwip_lwip_udpecho_freertos ****
make -r -j8 all 
make: Nothing to be done for `all'.
10:12:30 **** Incremental Build of configuration Debug for project 0502_demo_apps_lwip_lwip_udpecho_freertos ****
make -r -j8 all 
Building file: ../source/lwip_udpecho_freertos.c
Building file: ../lwip/contrib/apps/udpecho/udpecho.c
Invoking: MCU C Compiler
arm-none-eabi-gcc -std=gnu99 -D__REDLIB__ -DPRINTF_FLOAT_ENABLE=0 -DFRDM_K64F -DUSE_RTOS=1 -DFSL_RTOS_FREE_RTOS -DCR_INTEGER_PRINTF -DFREEDOM -DPRINTF_ADVANCED_ENABLE=1 -DSDK_DEBUGCONSOLE=0 -D__MCUXPRESSO -D__USE_CMSIS -DDEBUG -DSDK_OS_FREE_RTOS -DCPU_MK64FN1M0VLL12 -DCPU_MK64FN1M0VLL12_cm4 -I"C:\p2\0502_demo_apps_lwip_lwip_udpecho_freertos\board" -I"C:\p2\0502_demo_apps_lwip_lwip_udpecho_freertos\source" -I"C:\p2\0502_demo_apps_lwip_lwip_udpecho_freertos" -I"C:\p2\0502_demo_apps_lwip_lwip_udpecho_freertos\drivers" -I"C:\p2\0502_demo_apps_lwip_lwip_udpecho_freertos\CMSIS" -I"C:\p2\0502_demo_apps_lwip_lwip_udpecho_freertos\utilities" -I"C:\p2\0502_demo_apps_lwip_lwip_udpecho_freertos\startup" -I"C:\p2\0502_demo_apps_lwip_lwip_udpecho_freertos\lwip\contrib\apps\udpecho" -I"C:\p2\0502_demo_apps_lwip_lwip_udpecho_freertos\lwip\port\arch" -I"C:\p2\0502_demo_apps_lwip_lwip_udpecho_freertos\lwip\port" -I"C:\p2\0502_demo_apps_lwip_lwip_udpecho_freertos\lwip\src\include\lwip\priv" -I"C:\p2\0502_demo_apps_lwip_lwip_udpecho_freertos\lwip\src\include\lwip\prot" -I"C:\p2\0502_demo_apps_lwip_lwip_udpecho_freertos\lwip\src\include\lwip" -I"C:\p2\0502_demo_apps_lwip_lwip_udpecho_freertos\lwip\src\include\netif\ppp\polarssl" -I"C:\p2\0502_demo_apps_lwip_lwip_udpecho_freertos\lwip\src\include\netif\ppp" -I"C:\p2\0502_demo_apps_lwip_lwip_udpecho_freertos\lwip\src\include\netif" -I"C:\p2\0502_demo_apps_lwip_lwip_udpecho_freertos\lwip\src\include\posix\sys" -I"C:\p2\0502_demo_apps_lwip_lwip_udpecho_freertos\lwip\src\include\posix" -I"C:\p2\0502_demo_apps_lwip_lwip_udpecho_freertos\freertos\include" -I"C:\p2\0502_demo_apps_lwip_lwip_udpecho_freertos\freertos\portable" -I"C:\p2\0502_demo_apps_lwip_lwip_udpecho_freertos\lwip\src" -I"C:\p2\0502_demo_apps_lwip_lwip_udpecho_freertos\lwip\src\include" -I"C:\p2\0502_demo_apps_lwip_lwip_udpecho_freertos\lwip\contrib\apps" -O0 -fno-common -g -Wall -c  -ffunction-sections  -fdata-sections  -ffreestanding  -fno-builtin -mcpu=cortex-m4 -mfpu=fpv4-sp-d16 -mfloat-abi=hard -mthumb -D__REDLIB__ -specs=redlib.specs -MMD -MP -MF"source/lwip_udpecho_freertos.d" -MT"source/lwip_udpecho_freertos.o" -MT"source/lwip_udpecho_freertos.d" -o "source/lwip_udpecho_freertos.o" "../source/lwip_udpecho_freertos.c"
Invoking: MCU C Compiler
arm-none-eabi-gcc -std=gnu99 -D__REDLIB__ -DPRINTF_FLOAT_ENABLE=0 -DFRDM_K64F -DUSE_RTOS=1 -DFSL_RTOS_FREE_RTOS -DCR_INTEGER_PRINTF -DFREEDOM -DPRINTF_ADVANCED_ENABLE=1 -DSDK_DEBUGCONSOLE=0 -D__MCUXPRESSO -D__USE_CMSIS -DDEBUG -DSDK_OS_FREE_RTOS -DCPU_MK64FN1M0VLL12 -DCPU_MK64FN1M0VLL12_cm4 -I"C:\p2\0502_demo_apps_lwip_lwip_udpecho_freertos\board" -I"C:\p2\0502_demo_apps_lwip_lwip_udpecho_freertos\source" -I"C:\p2\0502_demo_apps_lwip_lwip_udpecho_freertos" -I"C:\p2\0502_demo_apps_lwip_lwip_udpecho_freertos\drivers" -I"C:\p2\0502_demo_apps_lwip_lwip_udpecho_freertos\CMSIS" -I"C:\p2\0502_demo_apps_lwip_lwip_udpecho_freertos\utilities" -I"C:\p2\0502_demo_apps_lwip_lwip_udpecho_freertos\startup" -I"C:\p2\0502_demo_apps_lwip_lwip_udpecho_freertos\lwip\contrib\apps\udpecho" -I"C:\p2\0502_demo_apps_lwip_lwip_udpecho_freertos\lwip\port\arch" -I"C:\p2\0502_demo_apps_lwip_lwip_udpecho_freertos\lwip\port" -I"C:\p2\0502_demo_apps_lwip_lwip_udpecho_freertos\lwip\src\include\lwip\priv" -I"C:\p2\0502_demo_apps_lwip_lwip_udpecho_freertos\lwip\src\include\lwip\prot" -I"C:\p2\0502_demo_apps_lwip_lwip_udpecho_freertos\lwip\src\include\lwip" -I"C:\p2\0502_demo_apps_lwip_lwip_udpecho_freertos\lwip\src\include\netif\ppp\polarssl" -I"C:\p2\0502_demo_apps_lwip_lwip_udpecho_freertos\lwip\src\include\netif\ppp" -I"C:\p2\0502_demo_apps_lwip_lwip_udpecho_freertos\lwip\src\include\netif" -I"C:\p2\0502_demo_apps_lwip_lwip_udpecho_freertos\lwip\src\include\posix\sys" -I"C:\p2\0502_demo_apps_lwip_lwip_udpecho_freertos\lwip\src\include\posix" -I"C:\p2\0502_demo_apps_lwip_lwip_udpecho_freertos\freertos\include" -I"C:\p2\0502_demo_apps_lwip_lwip_udpecho_freertos\freertos\portable" -I"C:\p2\0502_demo_apps_lwip_lwip_udpecho_freertos\lwip\src" -I"C:\p2\0502_demo_apps_lwip_lwip_udpecho_freertos\lwip\src\include" -I"C:\p2\0502_demo_apps_lwip_lwip_udpecho_freertos\lwip\contrib\apps" -O0 -fno-common -g -Wall -c  -ffunction-sections  -fdata-sections  -ffreestanding  -fno-builtin -mcpu=cortex-m4 -mfpu=fpv4-sp-d16 -mfloat-abi=hard -mthumb -D__REDLIB__ -specs=redlib.specs -MMD -MP -MF"lwip/contrib/apps/udpecho/udpecho.d" -MT"lwip/contrib/apps/udpecho/udpecho.o" -MT"lwip/contrib/apps/udpecho/udpecho.d" -o "lwip/contrib/apps/udpecho/udpecho.o" "../lwip/contrib/apps/udpecho/udpecho.c"
../lwip/contrib/apps/udpecho/udpecho.c: In function 'server_thread':
../lwip/contrib/apps/udpecho/udpecho.c:38:10: warning: unused variable 'dacBuffer' [-Wunused-variable]
  uint8_t dacBuffer[60];
          ^~~~~~~~~
../source/lwip_udpecho_freertos.c:132:13: warning: 'DAC_config' defined but not used [-Wunused-function]
 static void DAC_config(void){
             ^~~~~~~~~~
../source/lwip_udpecho_freertos.c:116:13: warning: 'PIT_config' defined but not used [-Wunused-function]
 static void PIT_config(void){
             ^~~~~~~~~~
Finished building: ../lwip/contrib/apps/udpecho/udpecho.c
 
Finished building: ../source/lwip_udpecho_freertos.c
 
Building target: 0502_demo_apps_lwip_lwip_udpecho_freertos.axf
Invoking: MCU Linker
arm-none-eabi-gcc -nostdlib -Xlinker -print-memory-usage -Xlinker --gc-sections -Xlinker -Map="0502_demo_apps_lwip_lwip_udpecho_freertos.map" -mcpu=cortex-m4 -mfpu=fpv4-sp-d16 -mfloat-abi=hard -mthumb -T 0502_demo_apps_lwip_lwip_udpecho_freertos_Debug.ld -o "0502_demo_apps_lwip_lwip_udpecho_freertos.axf"  ./utilities/fsl_assert.o ./utilities/fsl_debug_console.o ./utilities/fsl_io.o ./utilities/fsl_log.o ./utilities/fsl_str.o  ./startup/startup_mk64f12.o  ./source/lwip_udpecho_freertos.o ./source/semihost_hardfault.o  ./lwip/src/netif/ppp/auth.o ./lwip/src/netif/ppp/ccp.o ./lwip/src/netif/ppp/chap-md5.o ./lwip/src/netif/ppp/chap-new.o ./lwip/src/netif/ppp/chap_ms.o ./lwip/src/netif/ppp/demand.o ./lwip/src/netif/ppp/eap.o ./lwip/src/netif/ppp/eui64.o ./lwip/src/netif/ppp/fsm.o ./lwip/src/netif/ppp/ipcp.o ./lwip/src/netif/ppp/ipv6cp.o ./lwip/src/netif/ppp/lcp.o ./lwip/src/netif/ppp/lwip_ecp.o ./lwip/src/netif/ppp/magic.o ./lwip/src/netif/ppp/mppe.o ./lwip/src/netif/ppp/multilink.o ./lwip/src/netif/ppp/ppp.o ./lwip/src/netif/ppp/pppapi.o ./lwip/src/netif/ppp/pppcrypt.o ./lwip/src/netif/ppp/pppoe.o ./lwip/src/netif/ppp/pppol2tp.o ./lwip/src/netif/ppp/pppos.o ./lwip/src/netif/ppp/upap.o ./lwip/src/netif/ppp/utils.o ./lwip/src/netif/ppp/vj.o  ./lwip/src/netif/ethernet.o ./lwip/src/netif/lowpan6.o ./lwip/src/netif/slipif.o  ./lwip/src/core/ipv6/dhcp6.o ./lwip/src/core/ipv6/ethip6.o ./lwip/src/core/ipv6/icmp6.o ./lwip/src/core/ipv6/inet6.o ./lwip/src/core/ipv6/ip6.o ./lwip/src/core/ipv6/ip6_addr.o ./lwip/src/core/ipv6/ip6_frag.o ./lwip/src/core/ipv6/mld6.o ./lwip/src/core/ipv6/nd6.o  ./lwip/src/core/ipv4/autoip.o ./lwip/src/core/ipv4/dhcp.o ./lwip/src/core/ipv4/etharp.o ./lwip/src/core/ipv4/icmp.o ./lwip/src/core/ipv4/igmp.o ./lwip/src/core/ipv4/ip4.o ./lwip/src/core/ipv4/ip4_addr.o ./lwip/src/core/ipv4/ip4_frag.o  ./lwip/src/core/def.o ./lwip/src/core/dns.o ./lwip/src/core/inet_chksum.o ./lwip/src/core/init.o ./lwip/src/core/ip.o ./lwip/src/core/mem.o ./lwip/src/core/memp.o ./lwip/src/core/netif.o ./lwip/src/core/pbuf.o ./lwip/src/core/raw.o ./lwip/src/core/stats.o ./lwip/src/core/sys.o ./lwip/src/core/tcp.o ./lwip/src/core/tcp_in.o ./lwip/src/core/tcp_out.o ./lwip/src/core/timeouts.o ./lwip/src/core/udp.o  ./lwip/src/api/api_lib.o ./lwip/src/api/api_msg.o ./lwip/src/api/err.o ./lwip/src/api/netbuf.o ./lwip/src/api/netdb.o ./lwip/src/api/netifapi.o ./lwip/src/api/sockets.o ./lwip/src/api/tcpip.o  ./lwip/port/ethernetif.o ./lwip/port/sys_arch.o  ./lwip/contrib/apps/udpecho/udpecho.o  ./freertos/source/croutine.o ./freertos/source/event_groups.o ./freertos/source/list.o ./freertos/source/queue.o ./freertos/source/tasks.o ./freertos/source/timers.o  ./freertos/portable/fsl_tickless_systick.o ./freertos/portable/heap_3.o ./freertos/portable/port.o  ./drivers/fsl_clock.o ./drivers/fsl_common.o ./drivers/fsl_dac.o ./drivers/fsl_enet.o ./drivers/fsl_flash.o ./drivers/fsl_gpio.o ./drivers/fsl_pit.o ./drivers/fsl_sim.o ./drivers/fsl_smc.o ./drivers/fsl_uart.o  ./board/board.o ./board/clock_config.o ./board/fsl_phy.o ./board/pin_mux.o  ./CMSIS/system_MK64F12.o   
Memory region         Used Size  Region Size  %age Used
   PROGRAM_FLASH:       93852 B         1 MB      8.95%
      SRAM_UPPER:       82544 B       192 KB     41.98%
      SRAM_LOWER:          0 GB        64 KB      0.00%
        FLEX_RAM:          0 GB         4 KB      0.00%
Finished building target: 0502_demo_apps_lwip_lwip_udpecho_freertos.axf
 
make --no-print-directory post-build
Performing post-build steps
arm-none-eabi-size "0502_demo_apps_lwip_lwip_udpecho_freertos.axf"; # arm-none-eabi-objcopy -v -O binary "0502_demo_apps_lwip_lwip_udpecho_freertos.axf" "0502_demo_apps_lwip_lwip_udpecho_freertos.bin" ; # checksum -p MK64FN1M0xxx12 -d "0502_demo_apps_lwip_lwip_udpecho_freertos.bin";
   text	   data	    bss	    dec	    hex	filename
  93816	     36	  82496	 176348	  2b0dc	0502_demo_apps_lwip_lwip_udpecho_freertos.axf
 
10:12:34 **** Incremental Build of configuration Debug for project 0502_demo_apps_lwip_lwip_udpecho_freertos ****
make -r -j8 all 
make: Nothing to be done for `all'.
10:14:28 **** Incremental Build of configuration Debug for project 0502_demo_apps_lwip_lwip_udpecho_freertos ****
make -r -j8 all 
Building file: ../source/lwip_udpecho_freertos.c
Invoking: MCU C Compiler
arm-none-eabi-gcc -std=gnu99 -D__REDLIB__ -DPRINTF_FLOAT_ENABLE=0 -DFRDM_K64F -DUSE_RTOS=1 -DFSL_RTOS_FREE_RTOS -DCR_INTEGER_PRINTF -DFREEDOM -DPRINTF_ADVANCED_ENABLE=1 -DSDK_DEBUGCONSOLE=0 -D__MCUXPRESSO -D__USE_CMSIS -DDEBUG -DSDK_OS_FREE_RTOS -DCPU_MK64FN1M0VLL12 -DCPU_MK64FN1M0VLL12_cm4 -I"C:\p2\0502_demo_apps_lwip_lwip_udpecho_freertos\board" -I"C:\p2\0502_demo_apps_lwip_lwip_udpecho_freertos\source" -I"C:\p2\0502_demo_apps_lwip_lwip_udpecho_freertos" -I"C:\p2\0502_demo_apps_lwip_lwip_udpecho_freertos\drivers" -I"C:\p2\0502_demo_apps_lwip_lwip_udpecho_freertos\CMSIS" -I"C:\p2\0502_demo_apps_lwip_lwip_udpecho_freertos\utilities" -I"C:\p2\0502_demo_apps_lwip_lwip_udpecho_freertos\startup" -I"C:\p2\0502_demo_apps_lwip_lwip_udpecho_freertos\lwip\contrib\apps\udpecho" -I"C:\p2\0502_demo_apps_lwip_lwip_udpecho_freertos\lwip\port\arch" -I"C:\p2\0502_demo_apps_lwip_lwip_udpecho_freertos\lwip\port" -I"C:\p2\0502_demo_apps_lwip_lwip_udpecho_freertos\lwip\src\include\lwip\priv" -I"C:\p2\0502_demo_apps_lwip_lwip_udpecho_freertos\lwip\src\include\lwip\prot" -I"C:\p2\0502_demo_apps_lwip_lwip_udpecho_freertos\lwip\src\include\lwip" -I"C:\p2\0502_demo_apps_lwip_lwip_udpecho_freertos\lwip\src\include\netif\ppp\polarssl" -I"C:\p2\0502_demo_apps_lwip_lwip_udpecho_freertos\lwip\src\include\netif\ppp" -I"C:\p2\0502_demo_apps_lwip_lwip_udpecho_freertos\lwip\src\include\netif" -I"C:\p2\0502_demo_apps_lwip_lwip_udpecho_freertos\lwip\src\include\posix\sys" -I"C:\p2\0502_demo_apps_lwip_lwip_udpecho_freertos\lwip\src\include\posix" -I"C:\p2\0502_demo_apps_lwip_lwip_udpecho_freertos\freertos\include" -I"C:\p2\0502_demo_apps_lwip_lwip_udpecho_freertos\freertos\portable" -I"C:\p2\0502_demo_apps_lwip_lwip_udpecho_freertos\lwip\src" -I"C:\p2\0502_demo_apps_lwip_lwip_udpecho_freertos\lwip\src\include" -I"C:\p2\0502_demo_apps_lwip_lwip_udpecho_freertos\lwip\contrib\apps" -O0 -fno-common -g -Wall -c  -ffunction-sections  -fdata-sections  -ffreestanding  -fno-builtin -mcpu=cortex-m4 -mfpu=fpv4-sp-d16 -mfloat-abi=hard -mthumb -D__REDLIB__ -specs=redlib.specs -MMD -MP -MF"source/lwip_udpecho_freertos.d" -MT"source/lwip_udpecho_freertos.o" -MT"source/lwip_udpecho_freertos.d" -o "source/lwip_udpecho_freertos.o" "../source/lwip_udpecho_freertos.c"
../source/lwip_udpecho_freertos.c:132:13: warning: 'DAC_config' defined but not used [-Wunused-function]
 static void DAC_config(void){
             ^~~~~~~~~~
Finished building: ../source/lwip_udpecho_freertos.c
 
Building target: 0502_demo_apps_lwip_lwip_udpecho_freertos.axf
Invoking: MCU Linker
arm-none-eabi-gcc -nostdlib -Xlinker -print-memory-usage -Xlinker --gc-sections -Xlinker -Map="0502_demo_apps_lwip_lwip_udpecho_freertos.map" -mcpu=cortex-m4 -mfpu=fpv4-sp-d16 -mfloat-abi=hard -mthumb -T 0502_demo_apps_lwip_lwip_udpecho_freertos_Debug.ld -o "0502_demo_apps_lwip_lwip_udpecho_freertos.axf"  ./utilities/fsl_assert.o ./utilities/fsl_debug_console.o ./utilities/fsl_io.o ./utilities/fsl_log.o ./utilities/fsl_str.o  ./startup/startup_mk64f12.o  ./source/lwip_udpecho_freertos.o ./source/semihost_hardfault.o  ./lwip/src/netif/ppp/auth.o ./lwip/src/netif/ppp/ccp.o ./lwip/src/netif/ppp/chap-md5.o ./lwip/src/netif/ppp/chap-new.o ./lwip/src/netif/ppp/chap_ms.o ./lwip/src/netif/ppp/demand.o ./lwip/src/netif/ppp/eap.o ./lwip/src/netif/ppp/eui64.o ./lwip/src/netif/ppp/fsm.o ./lwip/src/netif/ppp/ipcp.o ./lwip/src/netif/ppp/ipv6cp.o ./lwip/src/netif/ppp/lcp.o ./lwip/src/netif/ppp/lwip_ecp.o ./lwip/src/netif/ppp/magic.o ./lwip/src/netif/ppp/mppe.o ./lwip/src/netif/ppp/multilink.o ./lwip/src/netif/ppp/ppp.o ./lwip/src/netif/ppp/pppapi.o ./lwip/src/netif/ppp/pppcrypt.o ./lwip/src/netif/ppp/pppoe.o ./lwip/src/netif/ppp/pppol2tp.o ./lwip/src/netif/ppp/pppos.o ./lwip/src/netif/ppp/upap.o ./lwip/src/netif/ppp/utils.o ./lwip/src/netif/ppp/vj.o  ./lwip/src/netif/ethernet.o ./lwip/src/netif/lowpan6.o ./lwip/src/netif/slipif.o  ./lwip/src/core/ipv6/dhcp6.o ./lwip/src/core/ipv6/ethip6.o ./lwip/src/core/ipv6/icmp6.o ./lwip/src/core/ipv6/inet6.o ./lwip/src/core/ipv6/ip6.o ./lwip/src/core/ipv6/ip6_addr.o ./lwip/src/core/ipv6/ip6_frag.o ./lwip/src/core/ipv6/mld6.o ./lwip/src/core/ipv6/nd6.o  ./lwip/src/core/ipv4/autoip.o ./lwip/src/core/ipv4/dhcp.o ./lwip/src/core/ipv4/etharp.o ./lwip/src/core/ipv4/icmp.o ./lwip/src/core/ipv4/igmp.o ./lwip/src/core/ipv4/ip4.o ./lwip/src/core/ipv4/ip4_addr.o ./lwip/src/core/ipv4/ip4_frag.o  ./lwip/src/core/def.o ./lwip/src/core/dns.o ./lwip/src/core/inet_chksum.o ./lwip/src/core/init.o ./lwip/src/core/ip.o ./lwip/src/core/mem.o ./lwip/src/core/memp.o ./lwip/src/core/netif.o ./lwip/src/core/pbuf.o ./lwip/src/core/raw.o ./lwip/src/core/stats.o ./lwip/src/core/sys.o ./lwip/src/core/tcp.o ./lwip/src/core/tcp_in.o ./lwip/src/core/tcp_out.o ./lwip/src/core/timeouts.o ./lwip/src/core/udp.o  ./lwip/src/api/api_lib.o ./lwip/src/api/api_msg.o ./lwip/src/api/err.o ./lwip/src/api/netbuf.o ./lwip/src/api/netdb.o ./lwip/src/api/netifapi.o ./lwip/src/api/sockets.o ./lwip/src/api/tcpip.o  ./lwip/port/ethernetif.o ./lwip/port/sys_arch.o  ./lwip/contrib/apps/udpecho/udpecho.o  ./freertos/source/croutine.o ./freertos/source/event_groups.o ./freertos/source/list.o ./freertos/source/queue.o ./freertos/source/tasks.o ./freertos/source/timers.o  ./freertos/portable/fsl_tickless_systick.o ./freertos/portable/heap_3.o ./freertos/portable/port.o  ./drivers/fsl_clock.o ./drivers/fsl_common.o ./drivers/fsl_dac.o ./drivers/fsl_enet.o ./drivers/fsl_flash.o ./drivers/fsl_gpio.o ./drivers/fsl_pit.o ./drivers/fsl_sim.o ./drivers/fsl_smc.o ./drivers/fsl_uart.o  ./board/board.o ./board/clock_config.o ./board/fsl_phy.o ./board/pin_mux.o  ./CMSIS/system_MK64F12.o   
Memory region         Used Size  Region Size  %age Used
   PROGRAM_FLASH:       95040 B         1 MB      9.06%
      SRAM_UPPER:       82544 B       192 KB     41.98%
      SRAM_LOWER:          0 GB        64 KB      0.00%
        FLEX_RAM:          0 GB         4 KB      0.00%
Finished building target: 0502_demo_apps_lwip_lwip_udpecho_freertos.axf
 
make --no-print-directory post-build
Performing post-build steps
arm-none-eabi-size "0502_demo_apps_lwip_lwip_udpecho_freertos.axf"; # arm-none-eabi-objcopy -v -O binary "0502_demo_apps_lwip_lwip_udpecho_freertos.axf" "0502_demo_apps_lwip_lwip_udpecho_freertos.bin" ; # checksum -p MK64FN1M0xxx12 -d "0502_demo_apps_lwip_lwip_udpecho_freertos.bin";
   text	   data	    bss	    dec	    hex	filename
  95004	     36	  82496	 177536	  2b580	0502_demo_apps_lwip_lwip_udpecho_freertos.axf
 
10:14:31 **** Incremental Build of configuration Debug for project 0502_demo_apps_lwip_lwip_udpecho_freertos ****
make -r -j8 all 
make: Nothing to be done for `all'.
